<?xml version="1.0" encoding="UTF-8"?>
<!-- Generated by org.testng.reporters.JUnitReportReporter -->
<testsuite skipped="0" hostname="DESKTOP-R3QKDGQ" name="tests.WalletHubReview2" tests="1" failures="0" timestamp="02 Sep 2019 10:00:16 GMT" time="28.771" errors="0">
  <testcase name="DelReviewOnWalletHub" time="28.771" classname="tests.WalletHubReview2"/>
</testsuite> <!-- tests.WalletHubReview2 -->
