<?xml version="1.0" encoding="UTF-8"?>
<!-- Generated by org.testng.reporters.JUnitReportReporter -->
<testsuite skipped="0" hostname="DESKTOP-R3QKDGQ" name="tests.WalletHubReview" tests="1" failures="0" timestamp="03 Sep 2019 17:13:39 GMT" time="56.447" errors="0">
  <testcase name="CanPostReviewOnWalletHub" time="56.447" classname="tests.WalletHubReview"/>
</testsuite> <!-- tests.WalletHubReview -->
