<?xml version="1.0" encoding="UTF-8"?>
<!-- Generated by org.testng.reporters.JUnitReportReporter -->
<testsuite skipped="0" hostname="DESKTOP-R3QKDGQ" name="tests.DelWalletHubReview2" tests="1" failures="0" timestamp="03 Sep 2019 11:38:48 GMT" time="29.952" errors="0">
  <testcase name="DelReviewOnWalletHub" time="29.952" classname="tests.DelWalletHubReview2"/>
</testsuite> <!-- tests.DelWalletHubReview2 -->
